2026-05-30
=======

【操作1】项目分析与缓存清理
时间：2026-05-30
描述：
- 分析了项目结构，识别出包含三个主要部分：app（Flask后端）、client（Vue前端）、ai-server（AI智能体）、code-factory（独立模块）
- 识别了可以清理的内容：code-factory/、doc/、tests/、ai-server中的开发文件、缓存文件等
- 执行了缓存清理：删除所有__pycache__目录和.pyc文件

【操作2】Git仓库与日志系统初始化
时间：2026-05-30
描述：
- 确认项目已有Git本地仓库
- 创建operation_logs/目录用于存储操作日志
- 建立日志记录机制，文件格式为YYYY-MM-DD.log

【操作3】需求梳理任务开始
时间：2026-05-30
描述：
- 开始分析项目代码，理解代码意图
- 计划整理项目需求文档到doc/目录

【操作4】完成需求梳理文档
时间：2026-05-30
描述：
- 深入分析了后端代码（Models、Routes、Services、Engine、Agents）
- 分析了前端代码结构（Views）
- 分析了ai-server的核心能力
- 完成了完整的需求梳理文档，包含：
  * 项目概述与定位
  * 系统架构与技术栈
  * 详细功能需求（14大模块）
  * 非功能需求
  * 数据模型
  * 集成方案
  * 开发计划
  * 部署方案

项目状态：
- Git仓库：已初始化（本地仓库，无远程绑定）
- 需求梳理：已完成
